{
  "stats": {
    "suites": 1,
    "tests": 7,
    "passes": 6,
    "pending": 0,
    "failures": 1,
    "start": "2023-05-29T03:26:36.475Z",
    "end": "2023-05-29T03:26:36.916Z",
    "duration": 441,
    "testsRegistered": 7,
    "passPercent": 85.71428571428571,
    "pendingPercent": 0,
    "other": 0,
    "hasOther": false,
    "skipped": 0,
    "hasSkipped": false
  },
  "results": [
    {
      "uuid": "7d75a225-e71e-48d0-b15e-5ac24aaa6731",
      "title": "",
      "fullFile": "cypress/integration/produtos.spec.js",
      "file": "cypress/integration/produtos.spec.js",
      "beforeHooks": [],
      "afterHooks": [],
      "tests": [],
      "suites": [
        {
          "uuid": "7a798cbd-2516-42d7-98cb-8d15bb05c26e",
          "title": "Testes da Funcionalidade Produtos",
          "fullFile": "",
          "file": "",
          "beforeHooks": [],
          "afterHooks": [],
          "tests": [
            {
              "title": "Deve validar contrato de produtos",
              "fullTitle": "Testes da Funcionalidade Produtos Deve validar contrato de produtos",
              "timedOut": null,
              "duration": 49,
              "state": "passed",
              "speed": "fast",
              "pass": true,
              "fail": false,
              "pending": false,
              "context": null,
              "code": "cy.request('produtos').then(response => {\n  return _produtos.default.validateAsync(response.body);\n});",
              "err": {},
              "uuid": "d78ac12d-9689-407f-a3d7-bd2322e83aeb",
              "parentUUID": "7a798cbd-2516-42d7-98cb-8d15bb05c26e",
              "isHook": false,
              "skipped": false
            },
            {
              "title": "Deve listar os produtos cadastrados",
              "fullTitle": "Testes da Funcionalidade Produtos Deve listar os produtos cadastrados",
              "timedOut": null,
              "duration": 24,
              "state": "passed",
              "speed": "fast",
              "pass": true,
              "fail": false,
              "pending": false,
              "context": null,
              "code": "cy.request({\n  method: 'GET',\n  url: 'produtos'\n}).then(response => {\n  //expect(response.body.produtos[9].nome).to.equal('Produto EBAC 436746')\n  expect(response.status).to.equal(200);\n  expect(response.body).to.have.property('produtos');\n  expect(response.duration).to.be.lessThan(20);\n});",
              "err": {},
              "uuid": "8f1dbdd6-f541-490b-a521-374eeb4110ee",
              "parentUUID": "7a798cbd-2516-42d7-98cb-8d15bb05c26e",
              "isHook": false,
              "skipped": false
            },
            {
              "title": "Deve cadastrar um produto com sucesso",
              "fullTitle": "Testes da Funcionalidade Produtos Deve cadastrar um produto com sucesso",
              "timedOut": null,
              "duration": 21,
              "state": "passed",
              "speed": "fast",
              "pass": true,
              "fail": false,
              "pending": false,
              "context": null,
              "code": "let produto = `Produto EBAC ${Math.floor(Math.random() * 100000000)}`;\ncy.request({\n  method: 'POST',\n  url: 'produtos',\n  body: {\n    \"nome\": produto,\n    \"preco\": 200,\n    \"descricao\": \"Produto novo\",\n    \"quantidade\": 100\n  },\n  headers: {\n    authorization: token\n  }\n}).then(response => {\n  expect(response.status).to.equal(201);\n  expect(response.body.message).to.equal('Cadastro realizado com sucesso');\n});",
              "err": {},
              "uuid": "ece7cbd3-d575-4774-b014-12875d1034bd",
              "parentUUID": "7a798cbd-2516-42d7-98cb-8d15bb05c26e",
              "isHook": false,
              "skipped": false
            },
            {
              "title": "Deve validar mensagem de erro ao cadastrar produto repetido",
              "fullTitle": "Testes da Funcionalidade Produtos Deve validar mensagem de erro ao cadastrar produto repetido",
              "timedOut": null,
              "duration": 18,
              "state": "passed",
              "speed": "fast",
              "pass": true,
              "fail": false,
              "pending": false,
              "context": null,
              "code": "cy.cadastrarProduto(token, 'Produto EBAC Novo 1', 250, \"Descrição do produto novo\", 180).then(response => {\n  expect(response.status).to.equal(400);\n  expect(response.body.message).to.equal('Já existe produto com esse nome');\n});",
              "err": {},
              "uuid": "94d6ee7a-ee49-4c02-be02-ce5a2a2270f8",
              "parentUUID": "7a798cbd-2516-42d7-98cb-8d15bb05c26e",
              "isHook": false,
              "skipped": false
            },
            {
              "title": "Deve editar um produto já cadastrado",
              "fullTitle": "Testes da Funcionalidade Produtos Deve editar um produto já cadastrado",
              "timedOut": null,
              "duration": 177,
              "state": "failed",
              "speed": null,
              "pass": false,
              "fail": true,
              "pending": false,
              "context": null,
              "code": "cy.request('produtos').then(response => {\n  let id = response.body.produtos[0]._id;\n  cy.request({\n    method: 'PUT',\n    url: `produtos/${id}`,\n    headers: {\n      authorization: token\n    },\n    body: {\n      \"nome\": \"Produto Editado 45642083\",\n      \"preco\": 100,\n      \"descricao\": \"Produto editado\",\n      \"quantidade\": 100\n    }\n  }).then(response => {\n    expect(response.body.message).to.equal('Registro alterado com sucesso');\n  });\n});",
              "err": {
                "message": "CypressError: `cy.request()` failed on:\n\nhttp://localhost:3000/produtos/81dXia9c2k37K2q9\n\nThe response we received from your web server was:\n\n  > 400: Bad Request\n\nThis was considered a failure because the status code was not `2xx` or `3xx`.\n\nIf you do not want status codes to cause failures pass the option: `failOnStatusCode: false`\n\n-----------------------------------------------------------\n\nThe request we sent was:\n\nMethod: PUT\nURL: http://localhost:3000/produtos/81dXia9c2k37K2q9\nHeaders: {\n  \"Connection\": \"keep-alive\",\n  \"authorization\": \"Bearer eyJhbGciOiJIUzI1NiIsInR5cCI6IkpXVCJ9.eyJlbWFpbCI6ImZ1bGFub0BxYS5jb20iLCJwYXNzd29yZCI6InRlc3RlIiwiaWF0IjoxNjg1MzMwNzk2LCJleHAiOjE2ODUzMzEzOTZ9.kCaiNSy-myFEr-JpseyNkY72sAFHV83y8RujshWbH6o\",\n  \"user-agent\": \"Mozilla/5.0 (X11; Linux x86_64) AppleWebKit/537.36 (KHTML, like Gecko) Cypress/9.7.0 Chrome/100.0.4896.75 Electron/18.0.4 Safari/537.36\",\n  \"accept\": \"*/*\",\n  \"accept-encoding\": \"gzip, deflate\",\n  \"content-type\": \"application/json\",\n  \"content-length\": 94\n}\nBody: {\"nome\":\"Produto Editado 45642083\",\"preco\":100,\"descricao\":\"Produto editado\",\"quantidade\":100}\n\n-----------------------------------------------------------\n\nThe response we got was:\n\nStatus: 400 - Bad Request\nHeaders: {\n  \"access-control-allow-origin\": \"*\",\n  \"x-dns-prefetch-control\": \"off\",\n  \"x-frame-options\": \"SAMEORIGIN\",\n  \"strict-transport-security\": \"max-age=15552000; includeSubDomains\",\n  \"x-download-options\": \"noopen\",\n  \"x-content-type-options\": \"nosniff\",\n  \"x-xss-protection\": \"1; mode=block\",\n  \"x-moesif-transaction-id\": \"9d3156d1-23cf-43d4-9a09-c1ade7223cc0\",\n  \"content-type\": \"application/json; charset=utf-8\",\n  \"content-length\": \"53\",\n  \"date\": \"Mon, 29 May 2023 03:26:36 GMT\",\n  \"connection\": \"keep-alive\",\n  \"keep-alive\": \"timeout=5\"\n}\nBody: {\n  \"message\": \"Já existe produto com esse nome\"\n}\n\n\nhttps://on.cypress.io/request",
                "estack": "CypressError: `cy.request()` failed on:\n\nhttp://localhost:3000/produtos/81dXia9c2k37K2q9\n\nThe response we received from your web server was:\n\n  > 400: Bad Request\n\nThis was considered a failure because the status code was not `2xx` or `3xx`.\n\nIf you do not want status codes to cause failures pass the option: `failOnStatusCode: false`\n\n-----------------------------------------------------------\n\nThe request we sent was:\n\nMethod: PUT\nURL: http://localhost:3000/produtos/81dXia9c2k37K2q9\nHeaders: {\n  \"Connection\": \"keep-alive\",\n  \"authorization\": \"Bearer eyJhbGciOiJIUzI1NiIsInR5cCI6IkpXVCJ9.eyJlbWFpbCI6ImZ1bGFub0BxYS5jb20iLCJwYXNzd29yZCI6InRlc3RlIiwiaWF0IjoxNjg1MzMwNzk2LCJleHAiOjE2ODUzMzEzOTZ9.kCaiNSy-myFEr-JpseyNkY72sAFHV83y8RujshWbH6o\",\n  \"user-agent\": \"Mozilla/5.0 (X11; Linux x86_64) AppleWebKit/537.36 (KHTML, like Gecko) Cypress/9.7.0 Chrome/100.0.4896.75 Electron/18.0.4 Safari/537.36\",\n  \"accept\": \"*/*\",\n  \"accept-encoding\": \"gzip, deflate\",\n  \"content-type\": \"application/json\",\n  \"content-length\": 94\n}\nBody: {\"nome\":\"Produto Editado 45642083\",\"preco\":100,\"descricao\":\"Produto editado\",\"quantidade\":100}\n\n-----------------------------------------------------------\n\nThe response we got was:\n\nStatus: 400 - Bad Request\nHeaders: {\n  \"access-control-allow-origin\": \"*\",\n  \"x-dns-prefetch-control\": \"off\",\n  \"x-frame-options\": \"SAMEORIGIN\",\n  \"strict-transport-security\": \"max-age=15552000; includeSubDomains\",\n  \"x-download-options\": \"noopen\",\n  \"x-content-type-options\": \"nosniff\",\n  \"x-xss-protection\": \"1; mode=block\",\n  \"x-moesif-transaction-id\": \"9d3156d1-23cf-43d4-9a09-c1ade7223cc0\",\n  \"content-type\": \"application/json; charset=utf-8\",\n  \"content-length\": \"53\",\n  \"date\": \"Mon, 29 May 2023 03:26:36 GMT\",\n  \"connection\": \"keep-alive\",\n  \"keep-alive\": \"timeout=5\"\n}\nBody: {\n  \"message\": \"Já existe produto com esse nome\"\n}\n\n\nhttps://on.cypress.io/request\n    at http://localhost:3000/__cypress/runner/cypress_runner.js:165434:80\n    at tryCatcher (http://localhost:3000/__cypress/runner/cypress_runner.js:13022:23)\n    at Promise._settlePromiseFromHandler (http://localhost:3000/__cypress/runner/cypress_runner.js:10957:31)\n    at Promise._settlePromise (http://localhost:3000/__cypress/runner/cypress_runner.js:11014:18)\n    at Promise._settlePromise0 (http://localhost:3000/__cypress/runner/cypress_runner.js:11059:10)\n    at Promise._settlePromises (http://localhost:3000/__cypress/runner/cypress_runner.js:11139:18)\n    at _drainQueueStep (http://localhost:3000/__cypress/runner/cypress_runner.js:7729:12)\n    at _drainQueue (http://localhost:3000/__cypress/runner/cypress_runner.js:7722:9)\n    at Async.../../node_modules/bluebird/js/release/async.js.Async._drainQueues (http://localhost:3000/__cypress/runner/cypress_runner.js:7738:5)\n    at Async.drainQueues (http://localhost:3000/__cypress/runner/cypress_runner.js:7608:14)\nFrom Your Spec Code:\n    at Context.eval (http://localhost:3000/__cypress/tests?p=cypress/integration/produtos.spec.js:206:10)",
                "diff": null
              },
              "uuid": "e3e06628-7bd3-44db-aa25-a768d75a9206",
              "parentUUID": "7a798cbd-2516-42d7-98cb-8d15bb05c26e",
              "isHook": false,
              "skipped": false
            },
            {
              "title": "Deve editar um produto cadastrado previamente",
              "fullTitle": "Testes da Funcionalidade Produtos Deve editar um produto cadastrado previamente",
              "timedOut": null,
              "duration": 35,
              "state": "passed",
              "speed": "fast",
              "pass": true,
              "fail": false,
              "pending": false,
              "context": null,
              "code": "let produto = `Produto EBAC ${Math.floor(Math.random() * 100000000)}`;\ncy.cadastrarProduto(token, produto, 250, \"Descrição do produto novo\", 180).then(response => {\n  let id = response.body._id;\n  cy.request({\n    method: 'PUT',\n    url: `produtos/${id}`,\n    headers: {\n      authorization: token\n    },\n    body: {\n      \"nome\": produto,\n      \"preco\": 200,\n      \"descricao\": \"Produto editado\",\n      \"quantidade\": 300\n    }\n  }).then(response => {\n    expect(response.body.message).to.equal('Registro alterado com sucesso');\n  });\n});",
              "err": {},
              "uuid": "27a1ca97-7067-4788-ae4c-544962976d40",
              "parentUUID": "7a798cbd-2516-42d7-98cb-8d15bb05c26e",
              "isHook": false,
              "skipped": false
            },
            {
              "title": "Deve deletar um produto previamente cadastrado",
              "fullTitle": "Testes da Funcionalidade Produtos Deve deletar um produto previamente cadastrado",
              "timedOut": null,
              "duration": 34,
              "state": "passed",
              "speed": "fast",
              "pass": true,
              "fail": false,
              "pending": false,
              "context": null,
              "code": "let produto = `Produto EBAC ${Math.floor(Math.random() * 100000000)}`;\ncy.cadastrarProduto(token, produto, 250, \"Descrição do produto novo\", 180).then(response => {\n  let id = response.body._id;\n  cy.request({\n    method: 'DELETE',\n    url: `produtos/${id}`,\n    headers: {\n      authorization: token\n    }\n  }).then(response => {\n    expect(response.body.message).to.equal('Registro excluído com sucesso');\n    expect(response.status).to.equal(200);\n  });\n});",
              "err": {},
              "uuid": "cff73324-8dd0-4b29-945d-709a7ebe7ae5",
              "parentUUID": "7a798cbd-2516-42d7-98cb-8d15bb05c26e",
              "isHook": false,
              "skipped": false
            }
          ],
          "suites": [],
          "passes": [
            "d78ac12d-9689-407f-a3d7-bd2322e83aeb",
            "8f1dbdd6-f541-490b-a521-374eeb4110ee",
            "ece7cbd3-d575-4774-b014-12875d1034bd",
            "94d6ee7a-ee49-4c02-be02-ce5a2a2270f8",
            "27a1ca97-7067-4788-ae4c-544962976d40",
            "cff73324-8dd0-4b29-945d-709a7ebe7ae5"
          ],
          "failures": [
            "e3e06628-7bd3-44db-aa25-a768d75a9206"
          ],
          "pending": [],
          "skipped": [],
          "duration": 358,
          "root": false,
          "rootEmpty": false,
          "_timeout": 2000
        }
      ],
      "passes": [],
      "failures": [],
      "pending": [],
      "skipped": [],
      "duration": 0,
      "root": true,
      "rootEmpty": true,
      "_timeout": 2000
    }
  ],
  "meta": {
    "mocha": {
      "version": "7.0.1"
    },
    "mochawesome": {
      "options": {
        "quiet": false,
        "reportFilename": "mochawesome",
        "saveHtml": false,
        "saveJson": true,
        "consoleReporter": "spec",
        "useInlineDiffs": false,
        "code": true
      },
      "version": "7.1.3"
    },
    "marge": {
      "options": {
        "reportDir": "mochawesome-report",
        "overwrite": false,
        "html": false,
        "json": true
      },
      "version": "6.2.0"
    }
  }
}