{
  "stats": {
    "suites": 1,
    "tests": 1,
    "passes": 0,
    "pending": 0,
    "failures": 1,
    "start": "2023-05-29T03:52:13.334Z",
    "end": "2023-05-29T03:52:13.559Z",
    "duration": 225,
    "testsRegistered": 1,
    "passPercent": 0,
    "pendingPercent": 0,
    "other": 0,
    "hasOther": false,
    "skipped": 0,
    "hasSkipped": false
  },
  "results": [
    {
      "uuid": "4869658d-e812-4b0f-9293-670c00bce19b",
      "title": "",
      "fullFile": "cypress/integration/exercicio-api.spec.js",
      "file": "cypress/integration/exercicio-api.spec.js",
      "beforeHooks": [],
      "afterHooks": [],
      "tests": [],
      "suites": [
        {
          "uuid": "46689f78-ee9b-4ac2-9119-5f1e6c590fca",
          "title": "Testes da Funcionalidade Usuários",
          "fullFile": "",
          "file": "",
          "beforeHooks": [],
          "afterHooks": [],
          "tests": [
            {
              "title": "Deve listar usuários cadastrados",
              "fullTitle": "Testes da Funcionalidade Usuários Deve listar usuários cadastrados",
              "timedOut": null,
              "duration": 170,
              "state": "failed",
              "speed": null,
              "pass": false,
              "fail": true,
              "pending": false,
              "context": null,
              "code": "cy.request({\n  method: 'GET',\n  url: 'usuarios'\n}).then(response => {\n  expect(response.statusCode).toEqual(200);\n});",
              "err": {
                "message": "Error: Invalid Chai property: toEqual. Did you mean \"equal\"?",
                "estack": "Error: Invalid Chai property: toEqual. Did you mean \"equal\"?\n    at Object.proxyGetter [as get] (http://localhost:3000/__cypress/runner/cypress_runner.js:104428:17)\n    at getRet (http://localhost:3000/__cypress/runner/cypress_runner.js:160434:20)\n    at tryCatcher (http://localhost:3000/__cypress/runner/cypress_runner.js:13022:23)\n    at Function.Promise.attempt.Promise.try (http://localhost:3000/__cypress/runner/cypress_runner.js:10296:29)\n    at Context.thenFn (http://localhost:3000/__cypress/runner/cypress_runner.js:160452:63)\n    at Context.then (http://localhost:3000/__cypress/runner/cypress_runner.js:160904:21)\n    at Context.<anonymous> (http://localhost:3000/__cypress/runner/cypress_runner.js:178437:19)\nFrom Your Spec Code:\n    at Context.eval (http://localhost:3000/__cypress/tests?p=cypress/integration/exercicio-api.spec.js:166:7)",
                "diff": null
              },
              "uuid": "7d1cf1e5-1e14-4225-b7e8-6203ef0fb4ea",
              "parentUUID": "46689f78-ee9b-4ac2-9119-5f1e6c590fca",
              "isHook": false,
              "skipped": false
            }
          ],
          "suites": [],
          "passes": [],
          "failures": [
            "7d1cf1e5-1e14-4225-b7e8-6203ef0fb4ea"
          ],
          "pending": [],
          "skipped": [],
          "duration": 170,
          "root": false,
          "rootEmpty": false,
          "_timeout": 2000
        }
      ],
      "passes": [],
      "failures": [],
      "pending": [],
      "skipped": [],
      "duration": 0,
      "root": true,
      "rootEmpty": true,
      "_timeout": 2000
    }
  ],
  "meta": {
    "mocha": {
      "version": "7.0.1"
    },
    "mochawesome": {
      "options": {
        "quiet": false,
        "reportFilename": "mochawesome",
        "saveHtml": false,
        "saveJson": true,
        "consoleReporter": "spec",
        "useInlineDiffs": false,
        "code": true
      },
      "version": "7.1.3"
    },
    "marge": {
      "options": {
        "reportDir": "mochawesome-report",
        "overwrite": false,
        "html": false,
        "json": true
      },
      "version": "6.2.0"
    }
  }
}