{
  "stats": {
    "suites": 1,
    "tests": 6,
    "passes": 6,
    "pending": 0,
    "failures": 0,
    "start": "2023-05-29T04:38:27.828Z",
    "end": "2023-05-29T04:38:28.136Z",
    "duration": 308,
    "testsRegistered": 6,
    "passPercent": 100,
    "pendingPercent": 0,
    "other": 0,
    "hasOther": false,
    "skipped": 0,
    "hasSkipped": false
  },
  "results": [
    {
      "uuid": "3f24ffc7-c7e5-4c8d-b156-2336003e3de5",
      "title": "",
      "fullFile": "cypress/integration/exercicio-api.spec.js",
      "file": "cypress/integration/exercicio-api.spec.js",
      "beforeHooks": [],
      "afterHooks": [],
      "tests": [],
      "suites": [
        {
          "uuid": "bf2d8036-a88d-4bc6-9da3-e7407f09e493",
          "title": "Testes da Funcionalidade Usuários",
          "fullFile": "",
          "file": "",
          "beforeHooks": [],
          "afterHooks": [],
          "tests": [
            {
              "title": "Deve validar contrato de usuários",
              "fullTitle": "Testes da Funcionalidade Usuários Deve validar contrato de usuários",
              "timedOut": null,
              "duration": 66,
              "state": "passed",
              "speed": "fast",
              "pass": true,
              "fail": false,
              "pending": false,
              "context": null,
              "code": "cy.request('usuarios').then(response => {\n  return _user.default.validateAsync(response.body);\n});",
              "err": {},
              "uuid": "8762fe3b-b735-4fb7-9b0a-e13d3c218051",
              "parentUUID": "bf2d8036-a88d-4bc6-9da3-e7407f09e493",
              "isHook": false,
              "skipped": false
            },
            {
              "title": "Deve listar usuários cadastrados",
              "fullTitle": "Testes da Funcionalidade Usuários Deve listar usuários cadastrados",
              "timedOut": null,
              "duration": 43,
              "state": "passed",
              "speed": "fast",
              "pass": true,
              "fail": false,
              "pending": false,
              "context": null,
              "code": "cy.request({\n  method: 'GET',\n  url: 'usuarios'\n}).then(response => {\n  expect(response.status).to.equal(200);\n});",
              "err": {},
              "uuid": "e1bcae6f-1303-426c-a961-d6a97b58be4f",
              "parentUUID": "bf2d8036-a88d-4bc6-9da3-e7407f09e493",
              "isHook": false,
              "skipped": false
            },
            {
              "title": "Deve cadastrar um usuário com sucesso",
              "fullTitle": "Testes da Funcionalidade Usuários Deve cadastrar um usuário com sucesso",
              "timedOut": null,
              "duration": 43,
              "state": "passed",
              "speed": "fast",
              "pass": true,
              "fail": false,
              "pending": false,
              "context": null,
              "code": "var faker = __webpack_require__(/*! faker-br */ \"./node_modules/faker-br/index.js\");\nvar name1 = faker.name.firstName();\ncy.request({\n  method: 'POST',\n  url: 'usuarios',\n  body: {\n    \"nome\": name1 + ' ' + faker.name.lastName(),\n    \"email\": faker.internet.email(name1),\n    \"password\": faker.internet.password(),\n    \"administrador\": \"true\"\n  }\n}).then(response => {\n  expect(response.status).to.equal(201);\n});",
              "err": {},
              "uuid": "30016039-7a78-4429-96e9-8889d598b874",
              "parentUUID": "bf2d8036-a88d-4bc6-9da3-e7407f09e493",
              "isHook": false,
              "skipped": false
            },
            {
              "title": "Deve validar um usuário com email inválido",
              "fullTitle": "Testes da Funcionalidade Usuários Deve validar um usuário com email inválido",
              "timedOut": null,
              "duration": 34,
              "state": "passed",
              "speed": "fast",
              "pass": true,
              "fail": false,
              "pending": false,
              "context": null,
              "code": "var faker = __webpack_require__(/*! faker-br */ \"./node_modules/faker-br/index.js\");\nvar name1 = faker.name.firstName();\ncy.request({\n  method: 'POST',\n  url: 'usuarios',\n  body: {\n    \"nome\": name1 + ' ' + faker.name.lastName(),\n    \"email\": \"teste erro esperado\",\n    \"password\": faker.internet.password(),\n    \"administrador\": \"true\"\n  },\n  failOnStatusCode: false\n}).then(response => {\n  expect(response.status).to.equal(400);\n});",
              "err": {},
              "uuid": "81336ddb-fa9b-4323-804c-ef00714a4936",
              "parentUUID": "bf2d8036-a88d-4bc6-9da3-e7407f09e493",
              "isHook": false,
              "skipped": false
            },
            {
              "title": "Deve editar um usuário previamente cadastrado",
              "fullTitle": "Testes da Funcionalidade Usuários Deve editar um usuário previamente cadastrado",
              "timedOut": null,
              "duration": 52,
              "state": "passed",
              "speed": "fast",
              "pass": true,
              "fail": false,
              "pending": false,
              "context": null,
              "code": "var faker = __webpack_require__(/*! faker-br */ \"./node_modules/faker-br/index.js\");\nvar name1 = faker.name.firstName();\nvar name = name1 + ' ' + faker.name.lastName();\nvar email = faker.internet.email(name1);\nvar password = faker.internet.password();\nvar admFlag = \"true\";\ncy.cadastrarUsuario(name, email, password, admFlag).then(response => {\n  var id = response.body._id;\n  cy.request({\n    method: 'PUT',\n    url: `usuarios/${id}`,\n    body: {\n      \"nome\": name,\n      \"email\": faker.internet.email(name1),\n      \"password\": faker.internet.password(),\n      \"administrador\": \"true\"\n    }\n  }).then(response => {\n    expect(response.status).to.equal(200);\n  });\n});",
              "err": {},
              "uuid": "3d1f1ddb-5ec6-4367-bfd0-c76092b3b1ac",
              "parentUUID": "bf2d8036-a88d-4bc6-9da3-e7407f09e493",
              "isHook": false,
              "skipped": false
            },
            {
              "title": "Deve deletar um usuário previamente cadastrado",
              "fullTitle": "Testes da Funcionalidade Usuários Deve deletar um usuário previamente cadastrado",
              "timedOut": null,
              "duration": 42,
              "state": "passed",
              "speed": "fast",
              "pass": true,
              "fail": false,
              "pending": false,
              "context": null,
              "code": "var faker = __webpack_require__(/*! faker-br */ \"./node_modules/faker-br/index.js\");\nvar name1 = faker.name.firstName();\nvar name = name1 + ' ' + faker.name.lastName();\nvar email = faker.internet.email(name1);\nvar password = faker.internet.password();\nvar admFlag = \"true\";\ncy.cadastrarUsuario(name, email, password, admFlag).then(response => {\n  var id = response.body._id;\n  cy.request({\n    method: 'DELETE',\n    url: `usuarios/${id}`\n  }).then(response => {\n    expect(response.status).to.equal(200);\n  });\n});",
              "err": {},
              "uuid": "c81f70f0-83be-4953-96ae-7027fbc0ecf7",
              "parentUUID": "bf2d8036-a88d-4bc6-9da3-e7407f09e493",
              "isHook": false,
              "skipped": false
            }
          ],
          "suites": [],
          "passes": [
            "8762fe3b-b735-4fb7-9b0a-e13d3c218051",
            "e1bcae6f-1303-426c-a961-d6a97b58be4f",
            "30016039-7a78-4429-96e9-8889d598b874",
            "81336ddb-fa9b-4323-804c-ef00714a4936",
            "3d1f1ddb-5ec6-4367-bfd0-c76092b3b1ac",
            "c81f70f0-83be-4953-96ae-7027fbc0ecf7"
          ],
          "failures": [],
          "pending": [],
          "skipped": [],
          "duration": 280,
          "root": false,
          "rootEmpty": false,
          "_timeout": 2000
        }
      ],
      "passes": [],
      "failures": [],
      "pending": [],
      "skipped": [],
      "duration": 0,
      "root": true,
      "rootEmpty": true,
      "_timeout": 2000
    }
  ],
  "meta": {
    "mocha": {
      "version": "7.0.1"
    },
    "mochawesome": {
      "options": {
        "quiet": false,
        "reportFilename": "mochawesome",
        "saveHtml": false,
        "saveJson": true,
        "consoleReporter": "spec",
        "useInlineDiffs": false,
        "code": true
      },
      "version": "7.1.3"
    },
    "marge": {
      "options": {
        "reportDir": "mochawesome-report",
        "overwrite": false,
        "html": false,
        "json": true
      },
      "version": "6.2.0"
    }
  }
}