{
  "stats": {
    "suites": 1,
    "tests": 7,
    "passes": 6,
    "pending": 0,
    "failures": 1,
    "start": "2023-05-29T03:10:21.413Z",
    "end": "2023-05-29T03:10:21.871Z",
    "duration": 458,
    "testsRegistered": 7,
    "passPercent": 85.71428571428571,
    "pendingPercent": 0,
    "other": 0,
    "hasOther": false,
    "skipped": 0,
    "hasSkipped": false
  },
  "results": [
    {
      "uuid": "7971449e-91bd-4c79-b829-d077f7855c4a",
      "title": "",
      "fullFile": "cypress/integration/produtos.spec.js",
      "file": "cypress/integration/produtos.spec.js",
      "beforeHooks": [],
      "afterHooks": [],
      "tests": [],
      "suites": [
        {
          "uuid": "0414d62e-304d-49c1-8ab6-7b38e8a99c01",
          "title": "Testes da Funcionalidade Produtos",
          "fullFile": "",
          "file": "",
          "beforeHooks": [],
          "afterHooks": [],
          "tests": [
            {
              "title": "Deve validar contrato de produtos",
              "fullTitle": "Testes da Funcionalidade Produtos Deve validar contrato de produtos",
              "timedOut": null,
              "duration": 60,
              "state": "passed",
              "speed": "fast",
              "pass": true,
              "fail": false,
              "pending": false,
              "context": null,
              "code": "cy.request('produtos').then(response => {\n  return _produtos.default.validateAsync(response.body);\n});",
              "err": {},
              "uuid": "6938654e-5e1e-40e7-bc9e-6f8800d2bf49",
              "parentUUID": "0414d62e-304d-49c1-8ab6-7b38e8a99c01",
              "isHook": false,
              "skipped": false
            },
            {
              "title": "Deve listar os produtos cadastrados",
              "fullTitle": "Testes da Funcionalidade Produtos Deve listar os produtos cadastrados",
              "timedOut": null,
              "duration": 21,
              "state": "passed",
              "speed": "fast",
              "pass": true,
              "fail": false,
              "pending": false,
              "context": null,
              "code": "cy.request({\n  method: 'GET',\n  url: 'produtos'\n}).then(response => {\n  //expect(response.body.produtos[9].nome).to.equal('Produto EBAC 436746')\n  expect(response.status).to.equal(200);\n  expect(response.body).to.have.property('produtos');\n  expect(response.duration).to.be.lessThan(20);\n});",
              "err": {},
              "uuid": "5d55ea81-04d3-40c6-a218-9f7cb669c26f",
              "parentUUID": "0414d62e-304d-49c1-8ab6-7b38e8a99c01",
              "isHook": false,
              "skipped": false
            },
            {
              "title": "Deve cadastrar um produto com sucesso",
              "fullTitle": "Testes da Funcionalidade Produtos Deve cadastrar um produto com sucesso",
              "timedOut": null,
              "duration": 24,
              "state": "passed",
              "speed": "fast",
              "pass": true,
              "fail": false,
              "pending": false,
              "context": null,
              "code": "let produto = `Produto EBAC ${Math.floor(Math.random() * 100000000)}`;\ncy.request({\n  method: 'POST',\n  url: 'produtos',\n  body: {\n    \"nome\": produto,\n    \"preco\": 200,\n    \"descricao\": \"Produto novo\",\n    \"quantidade\": 100\n  },\n  headers: {\n    authorization: token\n  }\n}).then(response => {\n  expect(response.status).to.equal(201);\n  expect(response.body.message).to.equal('Cadastro realizado com sucesso');\n});",
              "err": {},
              "uuid": "61a22724-708e-4668-b562-a9540aff52b6",
              "parentUUID": "0414d62e-304d-49c1-8ab6-7b38e8a99c01",
              "isHook": false,
              "skipped": false
            },
            {
              "title": "Deve validar mensagem de erro ao cadastrar produto repetido",
              "fullTitle": "Testes da Funcionalidade Produtos Deve validar mensagem de erro ao cadastrar produto repetido",
              "timedOut": null,
              "duration": 163,
              "state": "failed",
              "speed": null,
              "pass": false,
              "fail": true,
              "pending": false,
              "context": null,
              "code": "cy.cadastrarProduto(token, 'Produto EBAC Novo 1', 250, \"Descrição do produto novo\", 180).then(response => {\n  expect(response.status).to.equal(400);\n  expect(response.body.message).to.equal('Já existe produto com esse nome');\n});",
              "err": {
                "message": "AssertionError: expected 201 to equal 400",
                "estack": "AssertionError: expected 201 to equal 400\n    at Context.eval (http://localhost:3000/__cypress/tests?p=cypress/integration/produtos.spec.js:199:34)",
                "diff": "- 201\n+ 400\n"
              },
              "uuid": "9e11f708-e573-4111-9512-32717d81cd5a",
              "parentUUID": "0414d62e-304d-49c1-8ab6-7b38e8a99c01",
              "isHook": false,
              "skipped": false
            },
            {
              "title": "Deve editar um produto já cadastrado",
              "fullTitle": "Testes da Funcionalidade Produtos Deve editar um produto já cadastrado",
              "timedOut": null,
              "duration": 43,
              "state": "passed",
              "speed": "fast",
              "pass": true,
              "fail": false,
              "pending": false,
              "context": null,
              "code": "cy.request('produtos').then(response => {\n  let id = response.body.produtos[0]._id;\n  cy.request({\n    method: 'PUT',\n    url: `produtos/${id}`,\n    headers: {\n      authorization: token\n    },\n    body: {\n      \"nome\": \"Produto Editado 45642083\",\n      \"preco\": 100,\n      \"descricao\": \"Produto editado\",\n      \"quantidade\": 100\n    }\n  }).then(response => {\n    expect(response.body.message).to.equal('Registro alterado com sucesso');\n  });\n});",
              "err": {},
              "uuid": "bcedde29-6f3d-4bd3-a591-af04333df501",
              "parentUUID": "0414d62e-304d-49c1-8ab6-7b38e8a99c01",
              "isHook": false,
              "skipped": false
            },
            {
              "title": "Deve editar um produto cadastrado previamente",
              "fullTitle": "Testes da Funcionalidade Produtos Deve editar um produto cadastrado previamente",
              "timedOut": null,
              "duration": 29,
              "state": "passed",
              "speed": "fast",
              "pass": true,
              "fail": false,
              "pending": false,
              "context": null,
              "code": "let produto = `Produto EBAC ${Math.floor(Math.random() * 100000000)}`;\ncy.cadastrarProduto(token, produto, 250, \"Descrição do produto novo\", 180).then(response => {\n  let id = response.body._id;\n  cy.request({\n    method: 'PUT',\n    url: `produtos/${id}`,\n    headers: {\n      authorization: token\n    },\n    body: {\n      \"nome\": produto,\n      \"preco\": 200,\n      \"descricao\": \"Produto editado\",\n      \"quantidade\": 300\n    }\n  }).then(response => {\n    expect(response.body.message).to.equal('Registro alterado com sucesso');\n  });\n});",
              "err": {},
              "uuid": "f9fd28d9-d2fc-4bd3-ae22-fa42b7126061",
              "parentUUID": "0414d62e-304d-49c1-8ab6-7b38e8a99c01",
              "isHook": false,
              "skipped": false
            },
            {
              "title": "Deve deletar um produto previamente cadastrado",
              "fullTitle": "Testes da Funcionalidade Produtos Deve deletar um produto previamente cadastrado",
              "timedOut": null,
              "duration": 45,
              "state": "passed",
              "speed": "fast",
              "pass": true,
              "fail": false,
              "pending": false,
              "context": null,
              "code": "let produto = `Produto EBAC ${Math.floor(Math.random() * 100000000)}`;\ncy.cadastrarProduto(token, produto, 250, \"Descrição do produto novo\", 180).then(response => {\n  let id = response.body._id;\n  cy.request({\n    method: 'DELETE',\n    url: `produtos/${id}`,\n    headers: {\n      authorization: token\n    }\n  }).then(response => {\n    expect(response.body.message).to.equal('Registro excluído com sucesso');\n    expect(response.status).to.equal(200);\n  });\n});",
              "err": {},
              "uuid": "9ddefe90-6f51-496e-a2e9-4b8e7a0a0976",
              "parentUUID": "0414d62e-304d-49c1-8ab6-7b38e8a99c01",
              "isHook": false,
              "skipped": false
            }
          ],
          "suites": [],
          "passes": [
            "6938654e-5e1e-40e7-bc9e-6f8800d2bf49",
            "5d55ea81-04d3-40c6-a218-9f7cb669c26f",
            "61a22724-708e-4668-b562-a9540aff52b6",
            "bcedde29-6f3d-4bd3-a591-af04333df501",
            "f9fd28d9-d2fc-4bd3-ae22-fa42b7126061",
            "9ddefe90-6f51-496e-a2e9-4b8e7a0a0976"
          ],
          "failures": [
            "9e11f708-e573-4111-9512-32717d81cd5a"
          ],
          "pending": [],
          "skipped": [],
          "duration": 385,
          "root": false,
          "rootEmpty": false,
          "_timeout": 2000
        }
      ],
      "passes": [],
      "failures": [],
      "pending": [],
      "skipped": [],
      "duration": 0,
      "root": true,
      "rootEmpty": true,
      "_timeout": 2000
    }
  ],
  "meta": {
    "mocha": {
      "version": "7.0.1"
    },
    "mochawesome": {
      "options": {
        "quiet": false,
        "reportFilename": "mochawesome",
        "saveHtml": false,
        "saveJson": true,
        "consoleReporter": "spec",
        "useInlineDiffs": false,
        "code": true
      },
      "version": "7.1.3"
    },
    "marge": {
      "options": {
        "reportDir": "mochawesome-report",
        "overwrite": false,
        "html": false,
        "json": true
      },
      "version": "6.2.0"
    }
  }
}