{
  "stats": {
    "suites": 1,
    "tests": 1,
    "passes": 1,
    "pending": 0,
    "failures": 0,
    "start": "2023-05-29T03:54:21.947Z",
    "end": "2023-05-29T03:54:22.015Z",
    "duration": 68,
    "testsRegistered": 1,
    "passPercent": 100,
    "pendingPercent": 0,
    "other": 0,
    "hasOther": false,
    "skipped": 0,
    "hasSkipped": false
  },
  "results": [
    {
      "uuid": "458e06b5-6de8-4d13-a6ef-8dd2c610299a",
      "title": "",
      "fullFile": "cypress/integration/exercicio-api.spec.js",
      "file": "cypress/integration/exercicio-api.spec.js",
      "beforeHooks": [],
      "afterHooks": [],
      "tests": [],
      "suites": [
        {
          "uuid": "102e26b8-bb5b-42b4-bb11-02705e26b649",
          "title": "Testes da Funcionalidade Usuários",
          "fullFile": "",
          "file": "",
          "beforeHooks": [],
          "afterHooks": [],
          "tests": [
            {
              "title": "Deve listar usuários cadastrados",
              "fullTitle": "Testes da Funcionalidade Usuários Deve listar usuários cadastrados",
              "timedOut": null,
              "duration": 59,
              "state": "passed",
              "speed": "fast",
              "pass": true,
              "fail": false,
              "pending": false,
              "context": null,
              "code": "cy.request({\n  method: 'GET',\n  url: 'usuarios'\n}).then(response => {\n  expect(response.status).to.equal(200);\n});",
              "err": {},
              "uuid": "e0c2d421-bc4c-417a-9bd9-ab2bd6742729",
              "parentUUID": "102e26b8-bb5b-42b4-bb11-02705e26b649",
              "isHook": false,
              "skipped": false
            }
          ],
          "suites": [],
          "passes": [
            "e0c2d421-bc4c-417a-9bd9-ab2bd6742729"
          ],
          "failures": [],
          "pending": [],
          "skipped": [],
          "duration": 59,
          "root": false,
          "rootEmpty": false,
          "_timeout": 2000
        }
      ],
      "passes": [],
      "failures": [],
      "pending": [],
      "skipped": [],
      "duration": 0,
      "root": true,
      "rootEmpty": true,
      "_timeout": 2000
    }
  ],
  "meta": {
    "mocha": {
      "version": "7.0.1"
    },
    "mochawesome": {
      "options": {
        "quiet": false,
        "reportFilename": "mochawesome",
        "saveHtml": false,
        "saveJson": true,
        "consoleReporter": "spec",
        "useInlineDiffs": false,
        "code": true
      },
      "version": "7.1.3"
    },
    "marge": {
      "options": {
        "reportDir": "mochawesome-report",
        "overwrite": false,
        "html": false,
        "json": true
      },
      "version": "6.2.0"
    }
  }
}