{
  "stats": {
    "suites": 1,
    "tests": 6,
    "passes": 6,
    "pending": 0,
    "failures": 0,
    "start": "2023-05-29T03:18:18.214Z",
    "end": "2023-05-29T03:18:18.315Z",
    "duration": 101,
    "testsRegistered": 6,
    "passPercent": 100,
    "pendingPercent": 0,
    "other": 0,
    "hasOther": false,
    "skipped": 0,
    "hasSkipped": false
  },
  "results": [
    {
      "uuid": "4658c28e-aa73-4e7f-a528-86adff8a0463",
      "title": "",
      "fullFile": "cypress/integration/exercicio-api.spec.js",
      "file": "cypress/integration/exercicio-api.spec.js",
      "beforeHooks": [],
      "afterHooks": [],
      "tests": [],
      "suites": [
        {
          "uuid": "70aa85be-b110-4190-ae51-6fefba11acf3",
          "title": "Testes da Funcionalidade Usuários",
          "fullFile": "",
          "file": "",
          "beforeHooks": [],
          "afterHooks": [],
          "tests": [
            {
              "title": "Deve validar contrato de usuários",
              "fullTitle": "Testes da Funcionalidade Usuários Deve validar contrato de usuários",
              "timedOut": null,
              "duration": 17,
              "state": "passed",
              "speed": "fast",
              "pass": true,
              "fail": false,
              "pending": false,
              "context": null,
              "code": "//TODO:",
              "err": {},
              "uuid": "8541fc15-598b-4db0-857d-e0e57d6a4ace",
              "parentUUID": "70aa85be-b110-4190-ae51-6fefba11acf3",
              "isHook": false,
              "skipped": false
            },
            {
              "title": "Deve listar usuários cadastrados",
              "fullTitle": "Testes da Funcionalidade Usuários Deve listar usuários cadastrados",
              "timedOut": null,
              "duration": 11,
              "state": "passed",
              "speed": "fast",
              "pass": true,
              "fail": false,
              "pending": false,
              "context": null,
              "code": "//TODO:",
              "err": {},
              "uuid": "2247a067-a2be-4b69-ae98-0d980c78214c",
              "parentUUID": "70aa85be-b110-4190-ae51-6fefba11acf3",
              "isHook": false,
              "skipped": false
            },
            {
              "title": "Deve cadastrar um usuário com sucesso",
              "fullTitle": "Testes da Funcionalidade Usuários Deve cadastrar um usuário com sucesso",
              "timedOut": null,
              "duration": 14,
              "state": "passed",
              "speed": "fast",
              "pass": true,
              "fail": false,
              "pending": false,
              "context": null,
              "code": "//TODO:",
              "err": {},
              "uuid": "e015334b-7388-455e-8ea1-6b8677dc057f",
              "parentUUID": "70aa85be-b110-4190-ae51-6fefba11acf3",
              "isHook": false,
              "skipped": false
            },
            {
              "title": "Deve validar um usuário com email inválido",
              "fullTitle": "Testes da Funcionalidade Usuários Deve validar um usuário com email inválido",
              "timedOut": null,
              "duration": 12,
              "state": "passed",
              "speed": "fast",
              "pass": true,
              "fail": false,
              "pending": false,
              "context": null,
              "code": "//TODO:",
              "err": {},
              "uuid": "04fe6c18-68bb-45b0-853a-159b738e26bd",
              "parentUUID": "70aa85be-b110-4190-ae51-6fefba11acf3",
              "isHook": false,
              "skipped": false
            },
            {
              "title": "Deve editar um usuário previamente cadastrado",
              "fullTitle": "Testes da Funcionalidade Usuários Deve editar um usuário previamente cadastrado",
              "timedOut": null,
              "duration": 12,
              "state": "passed",
              "speed": "fast",
              "pass": true,
              "fail": false,
              "pending": false,
              "context": null,
              "code": "//TODO:",
              "err": {},
              "uuid": "175dd3c8-5ec5-406f-89d0-73921924dc73",
              "parentUUID": "70aa85be-b110-4190-ae51-6fefba11acf3",
              "isHook": false,
              "skipped": false
            },
            {
              "title": "Deve deletar um usuário previamente cadastrado",
              "fullTitle": "Testes da Funcionalidade Usuários Deve deletar um usuário previamente cadastrado",
              "timedOut": null,
              "duration": 12,
              "state": "passed",
              "speed": "fast",
              "pass": true,
              "fail": false,
              "pending": false,
              "context": null,
              "code": "//TODO:",
              "err": {},
              "uuid": "3dbb15be-963e-49aa-8977-c94710549549",
              "parentUUID": "70aa85be-b110-4190-ae51-6fefba11acf3",
              "isHook": false,
              "skipped": false
            }
          ],
          "suites": [],
          "passes": [
            "8541fc15-598b-4db0-857d-e0e57d6a4ace",
            "2247a067-a2be-4b69-ae98-0d980c78214c",
            "e015334b-7388-455e-8ea1-6b8677dc057f",
            "04fe6c18-68bb-45b0-853a-159b738e26bd",
            "175dd3c8-5ec5-406f-89d0-73921924dc73",
            "3dbb15be-963e-49aa-8977-c94710549549"
          ],
          "failures": [],
          "pending": [],
          "skipped": [],
          "duration": 78,
          "root": false,
          "rootEmpty": false,
          "_timeout": 2000
        }
      ],
      "passes": [],
      "failures": [],
      "pending": [],
      "skipped": [],
      "duration": 0,
      "root": true,
      "rootEmpty": true,
      "_timeout": 2000
    }
  ],
  "meta": {
    "mocha": {
      "version": "7.0.1"
    },
    "mochawesome": {
      "options": {
        "quiet": false,
        "reportFilename": "mochawesome",
        "saveHtml": false,
        "saveJson": true,
        "consoleReporter": "spec",
        "useInlineDiffs": false,
        "code": true
      },
      "version": "7.1.3"
    },
    "marge": {
      "options": {
        "reportDir": "mochawesome-report",
        "overwrite": false,
        "html": false,
        "json": true
      },
      "version": "6.2.0"
    }
  }
}