{
  "stats": {
    "suites": 1,
    "tests": 1,
    "passes": 0,
    "pending": 0,
    "failures": 1,
    "start": "2023-05-29T03:52:17.902Z",
    "end": "2023-05-29T03:52:18.144Z",
    "duration": 242,
    "testsRegistered": 1,
    "passPercent": 0,
    "pendingPercent": 0,
    "other": 0,
    "hasOther": false,
    "skipped": 0,
    "hasSkipped": false
  },
  "results": [
    {
      "uuid": "59032e48-140a-49a7-933c-82c7b65fdb00",
      "title": "",
      "fullFile": "cypress/integration/produtos.spec.js",
      "file": "cypress/integration/produtos.spec.js",
      "beforeHooks": [],
      "afterHooks": [],
      "tests": [],
      "suites": [
        {
          "uuid": "5f7dbd2e-d3ba-45df-8600-8f0ac947ea84",
          "title": "Testes da Funcionalidade Produtos",
          "fullFile": "",
          "file": "",
          "beforeHooks": [],
          "afterHooks": [],
          "tests": [
            {
              "title": "Deve editar um produto já cadastrado",
              "fullTitle": "Testes da Funcionalidade Produtos Deve editar um produto já cadastrado",
              "timedOut": null,
              "duration": 188,
              "state": "failed",
              "speed": null,
              "pass": false,
              "fail": true,
              "pending": false,
              "context": null,
              "code": "cy.request('produtos').then(response => {\n  let id = response.body.produtos[0]._id;\n  cy.request({\n    method: 'PUT',\n    url: `produtos/${id}`,\n    headers: {\n      authorization: token\n    },\n    body: {\n      \"nome\": \"Produto Editado 63182167\",\n      \"preco\": 100,\n      \"descricao\": \"Produto editado\",\n      \"quantidade\": 100\n    }\n  }).then(response => {\n    expect(response.body.message).to.equal('Registro alterado com sucesso');\n  });\n});",
              "err": {
                "message": "CypressError: `cy.request()` failed on:\n\nhttp://localhost:3000/produtos/4IgTQILwRzOqBYmG\n\nThe response we received from your web server was:\n\n  > 400: Bad Request\n\nThis was considered a failure because the status code was not `2xx` or `3xx`.\n\nIf you do not want status codes to cause failures pass the option: `failOnStatusCode: false`\n\n-----------------------------------------------------------\n\nThe request we sent was:\n\nMethod: PUT\nURL: http://localhost:3000/produtos/4IgTQILwRzOqBYmG\nHeaders: {\n  \"Connection\": \"keep-alive\",\n  \"authorization\": \"Bearer eyJhbGciOiJIUzI1NiIsInR5cCI6IkpXVCJ9.eyJlbWFpbCI6ImZ1bGFub0BxYS5jb20iLCJwYXNzd29yZCI6InRlc3RlIiwiaWF0IjoxNjg1MzMyMzM3LCJleHAiOjE2ODUzMzI5Mzd9.EcjCW-BcujBOZd6d66uUX_4yvIh5VxpRV8fk2x4YdTg\",\n  \"user-agent\": \"Mozilla/5.0 (X11; Linux x86_64) AppleWebKit/537.36 (KHTML, like Gecko) Cypress/9.7.0 Chrome/100.0.4896.75 Electron/18.0.4 Safari/537.36\",\n  \"accept\": \"*/*\",\n  \"accept-encoding\": \"gzip, deflate\",\n  \"content-type\": \"application/json\",\n  \"content-length\": 94\n}\nBody: {\"nome\":\"Produto Editado 63182167\",\"preco\":100,\"descricao\":\"Produto editado\",\"quantidade\":100}\n\n-----------------------------------------------------------\n\nThe response we got was:\n\nStatus: 400 - Bad Request\nHeaders: {\n  \"access-control-allow-origin\": \"*\",\n  \"x-dns-prefetch-control\": \"off\",\n  \"x-frame-options\": \"SAMEORIGIN\",\n  \"strict-transport-security\": \"max-age=15552000; includeSubDomains\",\n  \"x-download-options\": \"noopen\",\n  \"x-content-type-options\": \"nosniff\",\n  \"x-xss-protection\": \"1; mode=block\",\n  \"x-moesif-transaction-id\": \"063f5506-adbd-4f1d-a714-8079f4aa4093\",\n  \"content-type\": \"application/json; charset=utf-8\",\n  \"content-length\": \"53\",\n  \"date\": \"Mon, 29 May 2023 03:52:17 GMT\",\n  \"connection\": \"keep-alive\",\n  \"keep-alive\": \"timeout=5\"\n}\nBody: {\n  \"message\": \"Já existe produto com esse nome\"\n}\n\n\nhttps://on.cypress.io/request",
                "estack": "CypressError: `cy.request()` failed on:\n\nhttp://localhost:3000/produtos/4IgTQILwRzOqBYmG\n\nThe response we received from your web server was:\n\n  > 400: Bad Request\n\nThis was considered a failure because the status code was not `2xx` or `3xx`.\n\nIf you do not want status codes to cause failures pass the option: `failOnStatusCode: false`\n\n-----------------------------------------------------------\n\nThe request we sent was:\n\nMethod: PUT\nURL: http://localhost:3000/produtos/4IgTQILwRzOqBYmG\nHeaders: {\n  \"Connection\": \"keep-alive\",\n  \"authorization\": \"Bearer eyJhbGciOiJIUzI1NiIsInR5cCI6IkpXVCJ9.eyJlbWFpbCI6ImZ1bGFub0BxYS5jb20iLCJwYXNzd29yZCI6InRlc3RlIiwiaWF0IjoxNjg1MzMyMzM3LCJleHAiOjE2ODUzMzI5Mzd9.EcjCW-BcujBOZd6d66uUX_4yvIh5VxpRV8fk2x4YdTg\",\n  \"user-agent\": \"Mozilla/5.0 (X11; Linux x86_64) AppleWebKit/537.36 (KHTML, like Gecko) Cypress/9.7.0 Chrome/100.0.4896.75 Electron/18.0.4 Safari/537.36\",\n  \"accept\": \"*/*\",\n  \"accept-encoding\": \"gzip, deflate\",\n  \"content-type\": \"application/json\",\n  \"content-length\": 94\n}\nBody: {\"nome\":\"Produto Editado 63182167\",\"preco\":100,\"descricao\":\"Produto editado\",\"quantidade\":100}\n\n-----------------------------------------------------------\n\nThe response we got was:\n\nStatus: 400 - Bad Request\nHeaders: {\n  \"access-control-allow-origin\": \"*\",\n  \"x-dns-prefetch-control\": \"off\",\n  \"x-frame-options\": \"SAMEORIGIN\",\n  \"strict-transport-security\": \"max-age=15552000; includeSubDomains\",\n  \"x-download-options\": \"noopen\",\n  \"x-content-type-options\": \"nosniff\",\n  \"x-xss-protection\": \"1; mode=block\",\n  \"x-moesif-transaction-id\": \"063f5506-adbd-4f1d-a714-8079f4aa4093\",\n  \"content-type\": \"application/json; charset=utf-8\",\n  \"content-length\": \"53\",\n  \"date\": \"Mon, 29 May 2023 03:52:17 GMT\",\n  \"connection\": \"keep-alive\",\n  \"keep-alive\": \"timeout=5\"\n}\nBody: {\n  \"message\": \"Já existe produto com esse nome\"\n}\n\n\nhttps://on.cypress.io/request\n    at http://localhost:3000/__cypress/runner/cypress_runner.js:165434:80\n    at tryCatcher (http://localhost:3000/__cypress/runner/cypress_runner.js:13022:23)\n    at Promise._settlePromiseFromHandler (http://localhost:3000/__cypress/runner/cypress_runner.js:10957:31)\n    at Promise._settlePromise (http://localhost:3000/__cypress/runner/cypress_runner.js:11014:18)\n    at Promise._settlePromise0 (http://localhost:3000/__cypress/runner/cypress_runner.js:11059:10)\n    at Promise._settlePromises (http://localhost:3000/__cypress/runner/cypress_runner.js:11139:18)\n    at _drainQueueStep (http://localhost:3000/__cypress/runner/cypress_runner.js:7729:12)\n    at _drainQueue (http://localhost:3000/__cypress/runner/cypress_runner.js:7722:9)\n    at Async.../../node_modules/bluebird/js/release/async.js.Async._drainQueues (http://localhost:3000/__cypress/runner/cypress_runner.js:7738:5)\n    at Async.drainQueues (http://localhost:3000/__cypress/runner/cypress_runner.js:7608:14)\nFrom Your Spec Code:\n    at Context.eval (http://localhost:3000/__cypress/tests?p=cypress/support/index.js:133:5)",
                "diff": null
              },
              "uuid": "52eaba06-a00b-4b9a-90c1-de41d2d32944",
              "parentUUID": "5f7dbd2e-d3ba-45df-8600-8f0ac947ea84",
              "isHook": false,
              "skipped": false
            }
          ],
          "suites": [],
          "passes": [],
          "failures": [
            "52eaba06-a00b-4b9a-90c1-de41d2d32944"
          ],
          "pending": [],
          "skipped": [],
          "duration": 188,
          "root": false,
          "rootEmpty": false,
          "_timeout": 2000
        }
      ],
      "passes": [],
      "failures": [],
      "pending": [],
      "skipped": [],
      "duration": 0,
      "root": true,
      "rootEmpty": true,
      "_timeout": 2000
    }
  ],
  "meta": {
    "mocha": {
      "version": "7.0.1"
    },
    "mochawesome": {
      "options": {
        "quiet": false,
        "reportFilename": "mochawesome",
        "saveHtml": false,
        "saveJson": true,
        "consoleReporter": "spec",
        "useInlineDiffs": false,
        "code": true
      },
      "version": "7.1.3"
    },
    "marge": {
      "options": {
        "reportDir": "mochawesome-report",
        "overwrite": false,
        "html": false,
        "json": true
      },
      "version": "6.2.0"
    }
  }
}